2021-10-31 17:19:14 - TShock: INFO: TShock was improperly shut down. Please use the exit command in the future to prevent this.
2021-10-31 17:19:14 - <>c: INFO: Port overridden by startup argument. Set to 7779
2021-10-31 17:19:15 - TextLog: INFO: TShock 4.5.5.0 (Olympics maybe?) now running.
2021-10-31 17:19:15 - Rest: ERROR: Fatal Startup Exception
2021-10-31 17:19:15 - Rest: ERROR: System.Net.Sockets.SocketException (0x80004005): Address already in use
  at System.Net.Sockets.Socket.Bind (System.Net.EndPoint localEP) [0x00043] in <6d31bfae10584c6e9125db8b871d59ba>:0 
  at System.Net.Sockets.TcpListener.Start (System.Int32 backlog) [0x00044] in <6d31bfae10584c6e9125db8b871d59ba>:0 
  at HttpServer.HttpListener.Start (System.Int32 backLog) [0x00038] in <0bb72d76034a4517b7a1f3b62e0cc3e7>:0 
  at Rests.Rest.Start () [0x0002f] in <065233f06f4b4d35b19ce4b04b71cbfc>:0 
2021-10-31 17:19:15 - TextLog: ERROR: Invalid REST configuration: 
You may already have a REST service bound to port 7778. 
Please adjust your configuration and restart the server. 
Press any key to exit.
2021-10-31 17:19:21 - TShock: INFO: Interrupt received. Saving the world and shutting down.
2021-10-31 17:19:21 - SaveManager: ERROR: World saved notification failed
2021-10-31 17:19:21 - SaveManager: ERROR: System.NullReferenceException: Object reference not set to an instance of an object
  at Terraria.Net.NetManager.Broadcast (Terraria.Net.NetPacket packet, Terraria.Net.NetManager+BroadcastCondition conditionToBroadcast, System.Int32 ignoreClient) [0x00008] in <13c7103e4994467dac3b7e479ef8edf5>:0 
  at Terraria.Chat.ChatHelper.BroadcastChatMessageAs (System.Byte messageAuthor, Terraria.Localization.NetworkText text, Microsoft.Xna.Framework.Color color, System.Int32 excludedPlayer) [0x00009] in <13c7103e4994467dac3b7e479ef8edf5>:0 
  at Terraria.Chat.ChatHelper.BroadcastChatMessageDirect (Terraria.Localization.NetworkText text, Microsoft.Xna.Framework.Color color, System.Int32 excludedPlayer) [0x00000] in <13c7103e4994467dac3b7e479ef8edf5>:0 
  at Terraria.Chat.ChatHelper.BroadcastChatMessage (Terraria.Localization.NetworkText text, Microsoft.Xna.Framework.Color color, System.Int32 excludedPlayer) [0x00014] in <13c7103e4994467dac3b7e479ef8edf5>:0 
  at TShockAPI.TSPlayer.SendMessage (System.String msg, System.Byte red, System.Byte green, System.Byte blue) [0x00055] in <065233f06f4b4d35b19ce4b04b71cbfc>:0 
  at TShockAPI.Utils.Broadcast (System.String msg, System.Byte red, System.Byte green, System.Byte blue) [0x00000] in <065233f06f4b4d35b19ce4b04b71cbfc>:0 
  at TShockAPI.Utils.Broadcast (System.String msg, Microsoft.Xna.Framework.Color color) [0x00017] in <065233f06f4b4d35b19ce4b04b71cbfc>:0 
  at TShockAPI.SaveManager.OnSaveWorld (TerrariaApi.Server.WorldSaveEventArgs args) [0x00020] in <065233f06f4b4d35b19ce4b04b71cbfc>:0 
2021-10-31 17:19:21 - SaveManager: ERROR: World saved failed
2021-10-31 17:19:21 - SaveManager: ERROR: System.NullReferenceException: Object reference not set to an instance of an object
  at Terraria.IO.WorldFile.SaveFileFormatHeader (System.IO.BinaryWriter writer) [0x00014] in <13c7103e4994467dac3b7e479ef8edf5>:0 
  at Terraria.IO.WorldFile.SaveWorld_Version2 (System.IO.BinaryWriter writer) [0x00008] in <13c7103e4994467dac3b7e479ef8edf5>:0 
  at Terraria.IO.WorldFile.InternalSaveWorld (System.Boolean useCloudSaving, System.Boolean resetTime) [0x00055] in <13c7103e4994467dac3b7e479ef8edf5>:0 
  at Terraria.IO.WorldFile+<>c__DisplayClass57_0.<SaveWorld>b__0 () [0x00000] in <13c7103e4994467dac3b7e479ef8edf5>:0 
  at Terraria.Utilities.FileUtilities.ProtectedInvoke (System.Action action) [0x00016] in <13c7103e4994467dac3b7e479ef8edf5>:0 
  at Terraria.IO.WorldFile.SaveWorldDirect (System.Boolean useCloudSaving, System.Boolean resetTime) [0x00066] in <13c7103e4994467dac3b7e479ef8edf5>:0 
  at Terraria.IO.WorldFile.SaveWorld (System.Boolean useCloudSaving, System.Boolean resetTime) [0x00010] in <13c7103e4994467dac3b7e479ef8edf5>:0 
  at TShockAPI.SaveManager.SaveWorker () [0x0005e] in <065233f06f4b4d35b19ce4b04b71cbfc>:0 
