2021-11-04 18:38:31 - <>c: INFO: Port overridden by startup argument. Set to 7779
2021-11-04 18:38:31 - TextLog: INFO: TShock 4.5.5.0 (Olympics maybe?) now running.
2021-11-04 18:38:31 - TShock: INFO: AutoSave Enabled
2021-11-04 18:38:31 - TShock: INFO: Backups Enabled
2021-11-04 18:38:31 - TShock: INFO: Welcome to TShock for Terraria!
2021-11-04 18:38:31 - TShock: INFO: TShock comes with no warranty & is free software.
2021-11-04 18:38:31 - TShock: INFO: You can modify & distribute it under the terms of the GNU GPLv3.
2021-11-04 18:38:31 - AutoTeamPlugin: ERROR: [AutoTeam] Config file not present. Generated a config file at tshock/AutoTeam/AutoTeam.json
2021-11-04 18:38:31 - Config: INFO: Reading config file
2021-11-04 18:43:57 - TShock: INFO: Login before join enabled. Users may be prompted for an account specific password instead of a server password on connect.
2021-11-04 18:43:57 - TShock: INFO: Login using UUID enabled. Users automatically login via UUID.
2021-11-04 18:43:57 - TShock: INFO: A malicious server can easily steal a user's UUID. You may consider turning this option off if you run a public server.
2021-11-04 18:47:03 - GetDataHandlers: INFO: ~~Epiphany~~ authenticated successfully as user ~~Epiphany~~.
2021-11-04 18:47:05 - TextLog: INFO: ~~Epiphany~~ (192.168.1.107) from 'epiphany' group joined. (1/6)
2021-11-04 18:47:05 - Utils: INFO: Broadcast: ~~Epiphany~~ has joined.
2021-11-04 18:47:05 - AutoTeamPlugin: INFO: [AutoTeam] Set ~~Epiphany~~'s team to Pink.
2021-11-04 18:47:31 - Utils: INFO: Broadcast: Saving world...
2021-11-04 18:47:34 - Utils: INFO: Broadcast: World saved.
2021-11-04 18:47:34 - SaveManager: INFO: World saved at (tshock/backups/Purple~Fluffy~Wonderland.wld.2021-11-04T18.47.31Z.bak)
2021-11-04 18:47:34 - BackupManager: INFO: World backed up (tshock/backups/Purple~Fluffy~Wonderland.wld.2021-11-04T18.47.31Z.bak).
2021-11-04 18:56:31 - Utils: INFO: Broadcast: Saving world...
2021-11-04 18:56:34 - Utils: INFO: Broadcast: World saved.
2021-11-04 18:56:34 - SaveManager: INFO: World saved at (tshock/backups/Purple~Fluffy~Wonderland.wld.2021-11-04T18.56.31Z.bak)
2021-11-04 18:56:34 - BackupManager: INFO: World backed up (tshock/backups/Purple~Fluffy~Wonderland.wld.2021-11-04T18.56.31Z.bak).
2021-11-04 18:57:02 - Utils: INFO: Broadcast: Saving world...
