2021-10-27 03:13:52 - TShock: INFO: TShock was improperly shut down. Please use the exit command in the future to prevent this.
2021-10-27 03:13:52 - <>c: INFO: Port overridden by startup argument. Set to 7777
2021-10-27 03:13:53 - TextLog: INFO: TShock 4.5.5.0 (Olympics maybe?) now running.
2021-10-27 03:13:53 - TShock: INFO: AutoSave Enabled
2021-10-27 03:13:53 - TShock: INFO: Backups Enabled
2021-10-27 03:13:53 - TShock: INFO: Welcome to TShock for Terraria!
2021-10-27 03:13:53 - TShock: INFO: TShock comes with no warranty & is free software.
2021-10-27 03:13:53 - TShock: INFO: You can modify & distribute it under the terms of the GNU GPLv3.
2021-10-27 03:14:24 - ProxyLog: INFO: Login before join enabled. Users may be prompted for an account specific password instead of a server password on connect.
2021-10-27 03:14:24 - ProxyLog: INFO: Login using UUID enabled. Users automatically login via UUID.
2021-10-27 03:14:24 - ProxyLog: INFO: A malicious server can easily steal a user's UUID. You may consider turning this option off if you run a public server.
2021-10-27 05:35:32 - ProxyLog: INFO: Server executed: /help.
2021-10-27 05:35:42 - ProxyLog: INFO: Server executed: /help 2.
2021-10-27 05:35:48 - ProxyLog: INFO: Server executed: /reload.
2021-10-27 05:35:48 - ProxyLog: INFO: Port overridden by startup argument. Set to 7777
2021-10-27 05:36:24 - ProxyLog: INFO: Server executed: /exit.
2021-10-27 05:36:24 - ProxyLog: INFO: Broadcast: Saving world...
2021-10-27 05:36:27 - ProxyLog: INFO: Broadcast: World saved.
2021-10-27 05:36:27 - ProxyLog: INFO: World saved at (tshock/worlds/FluffyWonderland.wld)
2021-10-27 05:36:27 - ProxyLog: INFO: Broadcast: Server shutting down!
