2021-11-04 05:53:45 - <>c: INFO: Port overridden by startup argument. Set to 7779
2021-11-04 05:53:45 - TextLog: INFO: TShock 4.5.5.0 (Olympics maybe?) now running.
2021-11-04 05:53:45 - TShock: INFO: AutoSave Enabled
2021-11-04 05:53:45 - TShock: INFO: Backups Enabled
2021-11-04 05:53:45 - TShock: INFO: Welcome to TShock for Terraria!
2021-11-04 05:53:45 - TShock: INFO: TShock comes with no warranty & is free software.
2021-11-04 05:53:45 - TShock: INFO: You can modify & distribute it under the terms of the GNU GPLv3.
2021-11-04 05:53:46 - AutoTeamPlugin: ERROR: [AutoTeam] Config file not present. Generated a config file at tshock/AutoTeam/AutoTeam.json
2021-11-04 05:53:46 - Config: INFO: Reading config file
2021-11-04 05:54:17 - ProxyLog: INFO: Login before join enabled. Users may be prompted for an account specific password instead of a server password on connect.
2021-11-04 05:54:17 - ProxyLog: INFO: Login using UUID enabled. Users automatically login via UUID.
2021-11-04 05:54:17 - ProxyLog: INFO: A malicious server can easily steal a user's UUID. You may consider turning this option off if you run a public server.
2021-11-04 05:59:31 - ProxyLog: INFO: ~~Epiphany~~ authenticated successfully as user ~~Epiphany~~.
2021-11-04 05:59:32 - ProxyLog: INFO: ~~Epiphany~~ (192.168.1.107) from 'epiphany' group joined. (1/6)
2021-11-04 05:59:33 - ProxyLog: INFO: Broadcast: ~~Epiphany~~ has joined.
2021-11-04 05:59:33 - ProxyLog: INFO: [AutoTeam] Set ~~Epiphany~~'s team to Pink.
2021-11-04 05:59:50 - ProxyLog: INFO: Broadcast: ~~Epiphany~~fgfgf:
2021-11-04 06:02:45 - ProxyLog: INFO: Broadcast: Saving world...
2021-11-04 06:02:49 - ProxyLog: INFO: Broadcast: World saved.
2021-11-04 06:02:49 - ProxyLog: INFO: World saved at (tshock/backups/Purple~Fluffy~Wonderland.wld.2021-11-04T06.02.45Z.bak)
2021-11-04 06:02:49 - ProxyLog: INFO: World backed up (tshock/backups/Purple~Fluffy~Wonderland.wld.2021-11-04T06.02.45Z.bak).
2021-11-04 06:06:15 - ProxyLog: INFO: Broadcast: ~~Epiphany~~ has left.
2021-11-04 06:06:15 - ProxyLog: INFO: ~~Epiphany~~ disconnected.
2021-11-04 06:06:15 - ProxyLog: INFO: Broadcast: Saving world...
2021-11-04 06:06:18 - ProxyLog: INFO: Broadcast: World saved.
2021-11-04 06:06:18 - ProxyLog: INFO: World saved at (/home/jupiteruser/.local/share/Terraria/Worlds/Purple~Fluffy~Wonderland.wld)
2021-11-04 06:20:08 - ProxyLog: INFO: Broadcast: Saving world...
2021-11-04 06:20:08 - ProxyLog: INFO: ~~Epiphany~~ authenticated successfully as user ~~Epiphany~~.
2021-11-04 06:20:10 - ProxyLog: INFO: ~~Epiphany~~ (192.168.1.107) from 'epiphany' group joined. (1/6)
2021-11-04 06:20:10 - ProxyLog: INFO: Broadcast: ~~Epiphany~~ has joined.
2021-11-04 06:20:10 - ProxyLog: INFO: [AutoTeam] Set ~~Epiphany~~'s team to Pink.
2021-11-04 06:20:12 - ProxyLog: INFO: Broadcast: World saved.
2021-11-04 06:20:12 - ProxyLog: INFO: World saved at (tshock/backups/Purple~Fluffy~Wonderland.wld.2021-11-04T06.20.08Z.bak)
2021-11-04 06:20:12 - ProxyLog: INFO: World backed up (tshock/backups/Purple~Fluffy~Wonderland.wld.2021-11-04T06.20.08Z.bak).
2021-11-04 06:21:27 - ProxyLog: INFO: Broadcast: ~~Epiphany~~ has left.
2021-11-04 06:21:27 - ProxyLog: INFO: ~~Epiphany~~ disconnected.
2021-11-04 06:21:27 - ProxyLog: INFO: Broadcast: Saving world...
2021-11-04 06:21:31 - ProxyLog: INFO: Broadcast: World saved.
2021-11-04 06:21:31 - ProxyLog: INFO: World saved at (/home/jupiteruser/.local/share/Terraria/Worlds/Purple~Fluffy~Wonderland.wld)
2021-11-04 06:37:55 - ProxyLog: INFO: Broadcast: Saving world...
2021-11-04 06:37:59 - ProxyLog: INFO: Broadcast: World saved.
2021-11-04 06:37:59 - ProxyLog: INFO: World saved at (tshock/backups/Purple~Fluffy~Wonderland.wld.2021-11-04T06.37.55Z.bak)
2021-11-04 06:37:59 - ProxyLog: INFO: World backed up (tshock/backups/Purple~Fluffy~Wonderland.wld.2021-11-04T06.37.55Z.bak).
2021-11-04 06:42:40 - ProxyLog: INFO: Server executed: /reload.
2021-11-04 06:42:40 - ProxyLog: INFO: Port overridden by startup argument. Set to 7779
2021-11-04 06:42:40 - ProxyLog: INFO: Reading config file
2021-11-04 07:32:55 - ProxyLog: INFO: Broadcast: Saving world...
2021-11-04 07:32:59 - ProxyLog: INFO: Broadcast: World saved.
2021-11-04 07:32:59 - ProxyLog: INFO: World saved at (tshock/backups/Purple~Fluffy~Wonderland.wld.2021-11-04T07.32.55Z.bak)
2021-11-04 07:32:59 - ProxyLog: INFO: World backed up (tshock/backups/Purple~Fluffy~Wonderland.wld.2021-11-04T07.32.55Z.bak).
2021-11-04 08:28:22 - ProxyLog: INFO: Broadcast: Saving world...
2021-11-04 08:28:25 - ProxyLog: INFO: Broadcast: World saved.
2021-11-04 08:28:25 - ProxyLog: INFO: World saved at (tshock/backups/Purple~Fluffy~Wonderland.wld.2021-11-04T08.28.22Z.bak)
2021-11-04 08:28:25 - ProxyLog: INFO: World backed up (tshock/backups/Purple~Fluffy~Wonderland.wld.2021-11-04T08.28.22Z.bak).
2021-11-04 09:22:31 - ProxyLog: INFO: Broadcast: Saving world...
2021-11-04 09:22:34 - ProxyLog: INFO: Broadcast: World saved.
2021-11-04 09:22:34 - ProxyLog: INFO: World saved at (tshock/backups/Purple~Fluffy~Wonderland.wld.2021-11-04T09.22.31Z.bak)
2021-11-04 09:22:34 - ProxyLog: INFO: World backed up (tshock/backups/Purple~Fluffy~Wonderland.wld.2021-11-04T09.22.31Z.bak).
2021-11-04 10:17:34 - ProxyLog: INFO: Broadcast: Saving world...
2021-11-04 10:17:37 - ProxyLog: INFO: Broadcast: World saved.
2021-11-04 10:17:37 - ProxyLog: INFO: World saved at (tshock/backups/Purple~Fluffy~Wonderland.wld.2021-11-04T10.17.34Z.bak)
2021-11-04 10:17:37 - ProxyLog: INFO: World backed up (tshock/backups/Purple~Fluffy~Wonderland.wld.2021-11-04T10.17.34Z.bak).
2021-11-04 10:49:19 - ProxyLog: INFO: Broadcast: Saving world...
2021-11-04 10:49:23 - ProxyLog: INFO: Broadcast: World saved.
2021-11-04 10:49:23 - ProxyLog: INFO: World saved at (tshock/backups/Purple~Fluffy~Wonderland.wld.2021-11-04T10.49.19Z.bak)
2021-11-04 10:49:23 - ProxyLog: INFO: World backed up (tshock/backups/Purple~Fluffy~Wonderland.wld.2021-11-04T10.49.19Z.bak).
2021-11-04 11:13:19 - ProxyLog: INFO: Broadcast: Saving world...
2021-11-04 11:13:20 - ProxyLog: INFO: Broadcast: Saving world...
2021-11-04 11:13:23 - ProxyLog: INFO: Broadcast: World saved.
2021-11-04 11:13:23 - ProxyLog: INFO: World saved at (tshock/backups/Purple~Fluffy~Wonderland.wld.2021-11-04T11.13.19Z.bak)
2021-11-04 11:13:23 - ProxyLog: INFO: World backed up (tshock/backups/Purple~Fluffy~Wonderland.wld.2021-11-04T11.13.19Z.bak).
2021-11-04 12:07:45 - ProxyLog: INFO: Broadcast: Saving world...
2021-11-04 12:07:48 - ProxyLog: INFO: Broadcast: World saved.
2021-11-04 12:07:48 - ProxyLog: INFO: World saved at (tshock/backups/Purple~Fluffy~Wonderland.wld.2021-11-04T12.07.45Z.bak)
2021-11-04 12:07:48 - ProxyLog: INFO: World backed up (tshock/backups/Purple~Fluffy~Wonderland.wld.2021-11-04T12.07.45Z.bak).
2021-11-04 13:03:01 - ProxyLog: INFO: Broadcast: Saving world...
2021-11-04 13:03:05 - ProxyLog: INFO: Broadcast: World saved.
2021-11-04 13:03:05 - ProxyLog: INFO: World saved at (tshock/backups/Purple~Fluffy~Wonderland.wld.2021-11-04T13.03.01Z.bak)
2021-11-04 13:03:05 - ProxyLog: INFO: World backed up (tshock/backups/Purple~Fluffy~Wonderland.wld.2021-11-04T13.03.01Z.bak).
2021-11-04 13:35:30 - ProxyLog: INFO: Server executed: /exit.
2021-11-04 13:35:30 - ProxyLog: INFO: Broadcast: Saving world...
2021-11-04 13:35:34 - ProxyLog: INFO: Broadcast: World saved.
2021-11-04 13:35:34 - ProxyLog: INFO: World saved at (/home/jupiteruser/.local/share/Terraria/Worlds/Purple~Fluffy~Wonderland.wld)
2021-11-04 13:35:34 - ProxyLog: INFO: Broadcast: Server shutting down!
