2021-11-04 03:36:24 - <>c: INFO: Port overridden by startup argument. Set to 7779
2021-11-04 03:36:24 - TextLog: INFO: TShock 4.5.5.0 (Olympics maybe?) now running.
2021-11-04 03:36:24 - TShock: INFO: AutoSave Enabled
2021-11-04 03:36:24 - TShock: INFO: Backups Enabled
2021-11-04 03:36:24 - TShock: INFO: Welcome to TShock for Terraria!
2021-11-04 03:36:24 - TShock: INFO: TShock comes with no warranty & is free software.
2021-11-04 03:36:24 - TShock: INFO: You can modify & distribute it under the terms of the GNU GPLv3.
2021-11-04 03:36:24 - AutoTeamPlugin: ERROR: [AutoTeam] Config file not present. Generated a config file at tshock/AutoTeam/AutoTeam.json
2021-11-04 03:36:24 - Config: INFO: Reading config file
2021-11-04 03:37:07 - ProxyLog: INFO: Map generated and saved as ~Fluffy Purple Wonderland~_load_1635997016805.png
2021-11-04 03:37:07 - ProxyLog: INFO: Login before join enabled. Users may be prompted for an account specific password instead of a server password on connect.
2021-11-04 03:37:07 - ProxyLog: INFO: Login using UUID enabled. Users automatically login via UUID.
2021-11-04 03:37:07 - ProxyLog: INFO: A malicious server can easily steal a user's UUID. You may consider turning this option off if you run a public server.
2021-11-04 03:42:11 - ProxyLog: INFO: Server executed: /reload.
2021-11-04 03:42:11 - ProxyLog: INFO: Port overridden by startup argument. Set to 7779
2021-11-04 03:42:11 - ProxyLog: INFO: Reading config file
2021-11-04 03:42:43 - ProxyLog: INFO: asdf (192.168.1.107) from 'guest' group joined. (1/6)
2021-11-04 03:42:43 - ProxyLog: INFO: Broadcast: asdf has joined.
2021-11-04 03:42:43 - ProxyLog: INFO: [AutoTeam] Set asdf's team to Red.
2021-11-04 03:43:37 - ProxyLog: INFO: asdf registered an account: "asdf".
2021-11-04 03:43:45 - ProxyLog: INFO: Broadcast: asdf has left.
2021-11-04 03:43:45 - ProxyLog: INFO: asdf disconnected.
2021-11-04 03:43:45 - ProxyLog: INFO: Broadcast: Saving world...
2021-11-04 03:43:59 - ProxyLog: INFO: Map generated and saved as ~Fluffy Purple Wonderland~_save_1635997428490.png
2021-11-04 03:43:59 - ProxyLog: INFO: Broadcast: World saved.
2021-11-04 03:43:59 - ProxyLog: INFO: World saved at (/home/jupiteruser/.local/share/Terraria/Worlds/Purple~Fluffy~Wonderland.wld)
2021-11-04 03:44:17 - ProxyLog: INFO: asdf authenticated successfully as user asdf.
2021-11-04 03:44:19 - ProxyLog: INFO: asdf (192.168.1.107) from 'default' group joined. (1/6)
2021-11-04 03:44:19 - ProxyLog: INFO: Broadcast: asdf has joined.
2021-11-04 03:44:19 - ProxyLog: INFO: [AutoTeam] Set asdf's team to Red.
2021-11-04 03:45:24 - ProxyLog: INFO: Broadcast: Saving world...
2021-11-04 03:45:38 - ProxyLog: INFO: Map generated and saved as ~Fluffy Purple Wonderland~_save_1635997527544.png
2021-11-04 03:45:38 - ProxyLog: INFO: Broadcast: World saved.
2021-11-04 03:45:38 - ProxyLog: INFO: World saved at (tshock/backups/Purple~Fluffy~Wonderland.wld.2021-11-04T03.45.24Z.bak)
2021-11-04 03:45:38 - ProxyLog: INFO: World backed up (tshock/backups/Purple~Fluffy~Wonderland.wld.2021-11-04T03.45.24Z.bak).
2021-11-04 03:50:58 - ProxyLog: INFO: asdf tried to execute /sudo /group addperm default tshock.world.modify.
2021-11-04 03:51:50 - ProxyLog: INFO: asdf authenticated successfully as user: purplemagic.
2021-11-04 03:52:48 - ProxyLog: INFO: Server executed: /group addperm default tshock.world.modify.
2021-11-04 03:53:13 - ProxyLog: INFO: Broadcast: Saving world...
2021-11-04 03:53:27 - ProxyLog: INFO: Map generated and saved as ~Fluffy Purple Wonderland~_save_1635997996736.png
2021-11-04 03:54:04 - ProxyLog: INFO: Broadcast: asdf has left.
2021-11-04 03:54:04 - ProxyLog: INFO: asdf disconnected.
2021-11-04 03:54:04 - ProxyLog: INFO: Broadcast: Saving world...
2021-11-04 03:54:18 - ProxyLog: INFO: Map generated and saved as ~Fluffy Purple Wonderland~_save_1635998047946.png
2021-11-04 03:54:18 - ProxyLog: INFO: Broadcast: World saved.
2021-11-04 03:54:18 - ProxyLog: INFO: World saved at (/home/jupiteruser/.local/share/Terraria/Worlds/Purple~Fluffy~Wonderland.wld)
2021-11-04 03:54:19 - ProxyLog: INFO: ~epiphany~ (192.168.1.107) from 'guest' group joined. (1/6)
2021-11-04 03:54:19 - ProxyLog: INFO: Broadcast: ~epiphany~ has joined.
2021-11-04 03:54:20 - ProxyLog: INFO: [AutoTeam] Set ~epiphany~'s team to Red.
2021-11-04 03:54:24 - ProxyLog: INFO: Broadcast: Saving world...
2021-11-04 03:54:38 - ProxyLog: INFO: Map generated and saved as ~Fluffy Purple Wonderland~_save_1635998067554.png
2021-11-04 03:54:38 - ProxyLog: INFO: Broadcast: World saved.
2021-11-04 03:54:38 - ProxyLog: INFO: World saved at (tshock/backups/Purple~Fluffy~Wonderland.wld.2021-11-04T03.54.24Z.bak)
2021-11-04 03:54:38 - ProxyLog: INFO: World backed up (tshock/backups/Purple~Fluffy~Wonderland.wld.2021-11-04T03.54.24Z.bak).
2021-11-04 03:56:05 - ProxyLog: INFO: Broadcast: ~epiphany~ has left.
2021-11-04 03:56:05 - ProxyLog: INFO: ~epiphany~ disconnected.
2021-11-04 03:56:05 - ProxyLog: INFO: Broadcast: Saving world...
2021-11-04 03:56:20 - ProxyLog: INFO: Map generated and saved as ~Fluffy Purple Wonderland~_save_1635998169282.png
2021-11-04 03:56:20 - ProxyLog: INFO: Broadcast: World saved.
2021-11-04 03:56:20 - ProxyLog: INFO: World saved at (/home/jupiteruser/.local/share/Terraria/Worlds/Purple~Fluffy~Wonderland.wld)
2021-11-04 03:56:23 - ProxyLog: INFO: asdf authenticated successfully as user asdf.
2021-11-04 03:56:24 - ProxyLog: INFO: asdf (192.168.1.107) from 'default' group joined. (1/6)
2021-11-04 03:56:24 - ProxyLog: INFO: Broadcast: asdf has joined.
2021-11-04 03:56:24 - ProxyLog: INFO: [AutoTeam] Set asdf's team to Red.
2021-11-04 03:56:47 - ProxyLog: INFO: Broadcast: asdf has left.
2021-11-04 03:56:47 - ProxyLog: INFO: asdf disconnected.
2021-11-04 03:56:47 - ProxyLog: INFO: Broadcast: Saving world...
2021-11-04 03:57:01 - ProxyLog: INFO: Map generated and saved as ~Fluffy Purple Wonderland~_save_1635998210723.png
2021-11-04 03:57:01 - ProxyLog: INFO: Broadcast: World saved.
2021-11-04 03:57:01 - ProxyLog: INFO: World saved at (/home/jupiteruser/.local/share/Terraria/Worlds/Purple~Fluffy~Wonderland.wld)
2021-11-04 04:00:00 - ProxyLog: INFO: Server changed account ~Epiphany~ to group epiphany.
2021-11-04 04:00:49 - ProxyLog: INFO: Server executed: /group parent trustedadmin epiphany.
2021-11-04 04:02:16 - ProxyLog: INFO: Server executed: /group parent trustedadmin admin.
2021-11-04 04:02:51 - ProxyLog: INFO: Server executed: /group add trustedadmin.
2021-11-04 04:03:51 - ProxyLog: INFO: Server executed: /help.
2021-11-04 04:03:57 - ProxyLog: INFO: Server executed: /group help.
2021-11-04 04:04:13 - ProxyLog: INFO: Server executed: /group help 2.
2021-11-04 04:04:29 - ProxyLog: INFO: Server executed: /group help 3.
2021-11-04 04:04:45 - ProxyLog: INFO: Server executed: /group parent epiphany trustedadmin.
2021-11-04 04:04:58 - ProxyLog: INFO: Server executed: /exit.
2021-11-04 04:04:58 - ProxyLog: INFO: Broadcast: Saving world...
2021-11-04 04:05:12 - ProxyLog: INFO: Map generated and saved as ~Fluffy Purple Wonderland~_save_1635998701811.png
2021-11-04 04:05:12 - ProxyLog: INFO: Broadcast: World saved.
2021-11-04 04:05:12 - ProxyLog: INFO: World saved at (/home/jupiteruser/.local/share/Terraria/Worlds/Purple~Fluffy~Wonderland.wld)
2021-11-04 04:05:12 - ProxyLog: INFO: Broadcast: Server shutting down!
