2021-11-04 19:44:01 - TShock: INFO: TShock was improperly shut down. Please use the exit command in the future to prevent this.
2021-11-04 19:44:01 - <>c: INFO: Port overridden by startup argument. Set to 7779
2021-11-04 19:44:01 - TextLog: INFO: TShock 4.5.5.0 (Olympics maybe?) now running.
2021-11-04 19:44:01 - TShock: INFO: AutoSave Enabled
2021-11-04 19:44:01 - TShock: INFO: Backups Enabled
2021-11-04 19:44:01 - TShock: INFO: Welcome to TShock for Terraria!
2021-11-04 19:44:01 - TShock: INFO: TShock comes with no warranty & is free software.
2021-11-04 19:44:01 - TShock: INFO: You can modify & distribute it under the terms of the GNU GPLv3.
2021-11-04 19:44:01 - AutoTeamPlugin: ERROR: [AutoTeam] Config file not present. Generated a config file at tshock/AutoTeam/AutoTeam.json
2021-11-04 19:44:01 - Config: INFO: Reading config file
2021-11-04 19:44:37 - TShock: INFO: Login before join enabled. Users may be prompted for an account specific password instead of a server password on connect.
2021-11-04 19:44:37 - TShock: INFO: Login using UUID enabled. Users automatically login via UUID.
2021-11-04 19:44:37 - TShock: INFO: A malicious server can easily steal a user's UUID. You may consider turning this option off if you run a public server.
2021-11-04 19:45:38 - GetDataHandlers: INFO: ~~Epiphany~~ authenticated successfully as user ~~Epiphany~~.
2021-11-04 19:45:40 - TextLog: INFO: ~~Epiphany~~ (192.168.1.107) from 'epiphany' group joined. (1/6)
2021-11-04 19:45:40 - Utils: INFO: Broadcast: ~~Epiphany~~ has joined.
2021-11-04 19:45:40 - AutoTeamPlugin: INFO: [AutoTeam] Set ~~Epiphany~~'s team to Pink.
2021-11-04 19:45:54 - Utils: INFO: Broadcast: ~~Epiphany~~: gfhd]
2021-11-04 19:53:01 - Utils: INFO: Broadcast: Saving world...
2021-11-04 19:53:04 - Utils: INFO: Broadcast: World saved.
2021-11-04 19:53:04 - SaveManager: INFO: World saved at (tshock/backups/Purple~Fluffy~Wonderland.wld.2021-11-04T19.53.01Z.bak)
2021-11-04 19:53:04 - BackupManager: INFO: World backed up (tshock/backups/Purple~Fluffy~Wonderland.wld.2021-11-04T19.53.01Z.bak).
2021-11-04 19:53:57 - Utils: INFO: Server executed: /exit.
2021-11-04 19:53:57 - Utils: INFO: Broadcast: Saving world...
2021-11-04 19:54:01 - Utils: INFO: Broadcast: World saved.
2021-11-04 19:54:01 - SaveManager: INFO: World saved at (/home/jupiteruser/.local/share/Terraria/Worlds/Purple~Fluffy~Wonderland.wld)
2021-11-04 19:54:01 - Utils: INFO: Broadcast: Server shutting down!
2021-11-04 19:54:01 - Utils: INFO: Broadcast: ~~Epiphany~~ has left.
2021-11-04 19:54:01 - TextLog: INFO: ~~Epiphany~~ disconnected.
2021-11-04 19:54:01 - Utils: INFO: Broadcast: Saving world...
2021-11-04 19:54:04 - Utils: INFO: Broadcast: World saved.
2021-11-04 19:54:04 - SaveManager: INFO: World saved at (/home/jupiteruser/.local/share/Terraria/Worlds/Purple~Fluffy~Wonderland.wld)
