2021-11-03 20:31:06 - <>c: INFO: Port overridden by startup argument. Set to 7779
2021-11-03 20:31:07 - TextLog: INFO: TShock 4.5.5.0 (Olympics maybe?) now running.
2021-11-03 20:31:07 - TShock: INFO: AutoSave Enabled
2021-11-03 20:31:07 - TShock: INFO: Backups Enabled
2021-11-03 20:31:07 - TShock: INFO: Welcome to TShock for Terraria!
2021-11-03 20:31:07 - TShock: INFO: TShock comes with no warranty & is free software.
2021-11-03 20:31:07 - TShock: INFO: You can modify & distribute it under the terms of the GNU GPLv3.
2021-11-03 20:32:05 - ProxyLog: INFO: Login before join enabled. Users may be prompted for an account specific password instead of a server password on connect.
2021-11-03 20:32:05 - ProxyLog: INFO: Login using UUID enabled. Users automatically login via UUID.
2021-11-03 20:32:05 - ProxyLog: INFO: A malicious server can easily steal a user's UUID. You may consider turning this option off if you run a public server.
2021-11-03 20:33:18 - ProxyLog: INFO: purplemagic authenticated successfully as user purplemagic.
2021-11-03 20:33:20 - ProxyLog: INFO: purplemagic (192.168.1.107) from 'owner' group joined. (1/6)
2021-11-03 20:33:20 - ProxyLog: INFO: Broadcast: purplemagic has joined.
2021-11-03 20:33:31 - ProxyLog: INFO: purplemagic executed: /help.
2021-11-03 20:33:58 - ProxyLog: INFO: Broadcast: purplemagic has left.
2021-11-03 20:33:58 - ProxyLog: INFO: purplemagic disconnected.
2021-11-03 20:33:58 - ProxyLog: INFO: Broadcast: Saving world...
2021-11-03 20:34:01 - ProxyLog: INFO: Broadcast: World saved.
2021-11-03 20:34:01 - ProxyLog: INFO: World saved at (/home/jupiteruser/.local/share/Terraria/Worlds/Purple_Fluff_ver2.wld)
2021-11-03 20:34:06 - ProxyLog: INFO: Epiphany authenticated successfully as user Epiphany.
2021-11-03 20:34:08 - ProxyLog: INFO: Epiphany (192.168.1.107) from 'trustedadmin' group joined. (1/6)
2021-11-03 20:34:08 - ProxyLog: INFO: Broadcast: Epiphany has joined.
2021-11-03 20:35:15 - ProxyLog: INFO: Server executed: /exit.
2021-11-03 20:35:15 - ProxyLog: INFO: Broadcast: Saving world...
2021-11-03 20:35:18 - ProxyLog: INFO: Broadcast: World saved.
2021-11-03 20:35:18 - ProxyLog: INFO: World saved at (/home/jupiteruser/.local/share/Terraria/Worlds/Purple_Fluff_ver2.wld)
2021-11-03 20:35:18 - ProxyLog: INFO: Broadcast: Epiphany has left.
2021-11-03 20:35:18 - ProxyLog: INFO: Epiphany disconnected.
2021-11-03 20:35:18 - ProxyLog: INFO: Broadcast: Server shutting down!
