2021-11-04 04:48:19 - <>c: INFO: Port overridden by startup argument. Set to 7779
2021-11-04 04:48:20 - TextLog: INFO: TShock 4.5.5.0 (Olympics maybe?) now running.
2021-11-04 04:48:20 - TShock: INFO: AutoSave Enabled
2021-11-04 04:48:20 - TShock: INFO: Backups Enabled
2021-11-04 04:48:20 - TShock: INFO: Welcome to TShock for Terraria!
2021-11-04 04:48:20 - TShock: INFO: TShock comes with no warranty & is free software.
2021-11-04 04:48:20 - TShock: INFO: You can modify & distribute it under the terms of the GNU GPLv3.
2021-11-04 04:48:20 - AutoTeamPlugin: ERROR: [AutoTeam] Config file not present. Generated a config file at tshock/AutoTeam/AutoTeam.json
2021-11-04 04:48:20 - Config: INFO: Reading config file
2021-11-04 04:48:52 - ProxyLog: INFO: Login before join enabled. Users may be prompted for an account specific password instead of a server password on connect.
2021-11-04 04:48:52 - ProxyLog: INFO: Login using UUID enabled. Users automatically login via UUID.
2021-11-04 04:48:52 - ProxyLog: INFO: A malicious server can easily steal a user's UUID. You may consider turning this option off if you run a public server.
2021-11-04 04:49:33 - ProxyLog: INFO: gggg authenticated successfully as user gggg.
2021-11-04 04:49:34 - ProxyLog: INFO: gggg (192.168.1.107) from 'default' group joined. (1/6)
2021-11-04 04:49:34 - ProxyLog: INFO: Broadcast: gggg has joined.
2021-11-04 04:49:35 - ProxyLog: INFO: [AutoTeam] Set gggg's team to Pink.
2021-11-04 04:49:46 - ProxyLog: INFO: Broadcast: gggg has left.
2021-11-04 04:49:46 - ProxyLog: INFO: gggg disconnected.
2021-11-04 04:49:46 - ProxyLog: INFO: Broadcast: Saving world...
2021-11-04 04:49:50 - ProxyLog: INFO: Broadcast: World saved.
2021-11-04 04:49:50 - ProxyLog: INFO: World saved at (/home/jupiteruser/.local/share/Terraria/Worlds/Purple~Fluffy~Wonderland.wld)
2021-11-04 04:51:28 - ProxyLog: INFO: Server executed: /reload.
2021-11-04 04:51:28 - ProxyLog: INFO: Port overridden by startup argument. Set to 7779
2021-11-04 04:51:28 - ProxyLog: INFO: Reading config file
2021-11-04 04:52:05 - ProxyLog: INFO: zzz (192.168.1.107) from 'guest' group joined. (1/6)
2021-11-04 04:52:05 - ProxyLog: INFO: Broadcast: zzz has joined.
2021-11-04 04:52:06 - ProxyLog: INFO: [AutoTeam] Set zzz's team to Pink.
2021-11-04 04:52:21 - ProxyLog: INFO: zzz registered an account: "zzz".
2021-11-04 04:52:38 - ProxyLog: INFO: zzz authenticated successfully as user: zzz.
2021-11-04 04:54:20 - ProxyLog: INFO: Broadcast: zzz has left.
2021-11-04 04:54:20 - ProxyLog: INFO: zzz disconnected.
2021-11-04 04:54:20 - ProxyLog: INFO: Broadcast: Saving world...
2021-11-04 04:54:24 - ProxyLog: INFO: Broadcast: World saved.
2021-11-04 04:54:24 - ProxyLog: INFO: World saved at (/home/jupiteruser/.local/share/Terraria/Worlds/Purple~Fluffy~Wonderland.wld)
2021-11-04 05:28:47 - ProxyLog: INFO: Broadcast: Saving world...
2021-11-04 05:28:47 - ProxyLog: INFO: ~~Epiphany~~ (192.168.1.107) from 'guest' group joined. (1/6)
2021-11-04 05:28:47 - ProxyLog: INFO: Broadcast: ~~Epiphany~~ has joined.
2021-11-04 05:28:48 - ProxyLog: INFO: [AutoTeam] Set ~~Epiphany~~'s team to Pink.
2021-11-04 05:28:51 - ProxyLog: INFO: Broadcast: World saved.
2021-11-04 05:28:51 - ProxyLog: INFO: World saved at (tshock/backups/Purple~Fluffy~Wonderland.wld.2021-11-04T05.28.47Z.bak)
2021-11-04 05:28:51 - ProxyLog: INFO: World backed up (tshock/backups/Purple~Fluffy~Wonderland.wld.2021-11-04T05.28.47Z.bak).
2021-11-04 05:29:22 - ProxyLog: INFO: Broadcast: ~~Epiphany~~ has left.
2021-11-04 05:29:22 - ProxyLog: INFO: ~~Epiphany~~ disconnected.
2021-11-04 05:29:22 - ProxyLog: INFO: Broadcast: Saving world...
2021-11-04 05:29:26 - ProxyLog: INFO: Broadcast: World saved.
2021-11-04 05:29:26 - ProxyLog: INFO: World saved at (/home/jupiteruser/.local/share/Terraria/Worlds/Purple~Fluffy~Wonderland.wld)
2021-11-04 05:31:28 - ProxyLog: INFO: ~~Epiphany~~ (192.168.1.107) from 'guest' group joined. (1/6)
2021-11-04 05:31:28 - ProxyLog: INFO: Broadcast: ~~Epiphany~~ has joined.
2021-11-04 05:31:28 - ProxyLog: INFO: [AutoTeam] Set ~~Epiphany~~'s team to Pink.
2021-11-04 05:31:44 - ProxyLog: INFO: ~~Epiphany~~ registered an account: "~~Epiphany~~".
2021-11-04 05:32:00 - ProxyLog: WARNING: 192.168.1.107 failed to authenticate as user: ~~Epiphany~~.
2021-11-04 05:32:11 - ProxyLog: INFO: ~~Epiphany~~ authenticated successfully as user: ~~Epiphany~~.
2021-11-04 05:34:58 - ProxyLog: INFO: Server changed account ~~Epiphany~~ to group epiphany.
2021-11-04 05:37:03 - ProxyLog: INFO: Broadcast: ~~Epiphany~~ has left.
2021-11-04 05:37:03 - ProxyLog: INFO: ~~Epiphany~~ disconnected.
2021-11-04 05:37:03 - ProxyLog: INFO: Broadcast: Saving world...
2021-11-04 05:37:07 - ProxyLog: INFO: Broadcast: World saved.
2021-11-04 05:37:07 - ProxyLog: INFO: World saved at (/home/jupiteruser/.local/share/Terraria/Worlds/Purple~Fluffy~Wonderland.wld)
2021-11-04 05:43:55 - ProxyLog: INFO: Broadcast: Saving world...
2021-11-04 05:43:59 - ProxyLog: INFO: Broadcast: World saved.
2021-11-04 05:43:59 - ProxyLog: INFO: World saved at (tshock/backups/Purple~Fluffy~Wonderland.wld.2021-11-04T05.43.55Z.bak)
2021-11-04 05:43:59 - ProxyLog: INFO: World backed up (tshock/backups/Purple~Fluffy~Wonderland.wld.2021-11-04T05.43.55Z.bak).
2021-11-04 05:53:26 - ProxyLog: INFO: Server executed: /exit.
2021-11-04 05:53:26 - ProxyLog: INFO: Broadcast: Saving world...
2021-11-04 05:53:30 - ProxyLog: INFO: Broadcast: World saved.
2021-11-04 05:53:30 - ProxyLog: INFO: World saved at (/home/jupiteruser/.local/share/Terraria/Worlds/Purple~Fluffy~Wonderland.wld)
2021-11-04 05:53:30 - ProxyLog: INFO: Broadcast: Server shutting down!
