2021-11-03 20:35:43 - <>c: INFO: Port overridden by startup argument. Set to 7779
2021-11-03 20:35:44 - TextLog: INFO: TShock 4.5.5.0 (Olympics maybe?) now running.
2021-11-03 20:35:44 - TShock: INFO: AutoSave Enabled
2021-11-03 20:35:44 - TShock: INFO: Backups Enabled
2021-11-03 20:35:44 - TShock: INFO: Welcome to TShock for Terraria!
2021-11-03 20:35:44 - TShock: INFO: TShock comes with no warranty & is free software.
2021-11-03 20:35:44 - TShock: INFO: You can modify & distribute it under the terms of the GNU GPLv3.
2021-11-03 20:47:32 - ProxyLog: INFO: Broadcast: Saving world...
2021-11-03 20:48:14 - ProxyLog: INFO: Login before join enabled. Users may be prompted for an account specific password instead of a server password on connect.
2021-11-03 20:48:14 - ProxyLog: INFO: Login using UUID enabled. Users automatically login via UUID.
2021-11-03 20:48:14 - ProxyLog: INFO: A malicious server can easily steal a user's UUID. You may consider turning this option off if you run a public server.
2021-11-03 20:51:36 - ProxyLog: INFO: Broadcast: Saving world...
2021-11-03 20:51:38 - ProxyLog: INFO: ~Epiphany~ (192.168.1.107) from 'guest' group joined. (1/6)
2021-11-03 20:51:38 - ProxyLog: INFO: Broadcast: ~Epiphany~ has joined.
2021-11-03 20:51:39 - ProxyLog: INFO: Broadcast: World saved.
2021-11-03 20:51:39 - ProxyLog: INFO: World saved at (tshock/backups/Purple_Fluffy_Journey_<3.wld.2021-11-03T20.51.36Z.bak)
2021-11-03 20:51:39 - ProxyLog: INFO: World backed up (tshock/backups/Purple_Fluffy_Journey_<3.wld.2021-11-03T20.51.36Z.bak).
2021-11-03 20:52:08 - ProxyLog: INFO: ~Epiphany~ registered an account: "~Epiphany~".
2021-11-03 20:56:36 - ProxyLog: INFO: Broadcast: Saving world...
2021-11-03 20:56:39 - ProxyLog: INFO: Broadcast: World saved.
2021-11-03 20:56:39 - ProxyLog: INFO: World saved at (tshock/backups/Purple_Fluffy_Journey_<3.wld.2021-11-03T20.56.36Z.bak)
2021-11-03 20:56:39 - ProxyLog: INFO: World backed up (tshock/backups/Purple_Fluffy_Journey_<3.wld.2021-11-03T20.56.36Z.bak).
2021-11-03 21:01:36 - ProxyLog: INFO: Broadcast: Saving world...
2021-11-03 21:01:36 - ProxyLog: INFO: Broadcast: Saving world...
2021-11-03 21:01:39 - ProxyLog: INFO: Broadcast: World saved.
2021-11-03 21:01:39 - ProxyLog: INFO: World saved at (tshock/backups/Purple_Fluffy_Journey_<3.wld.2021-11-03T21.01.36Z.bak)
2021-11-03 21:01:39 - ProxyLog: INFO: World backed up (tshock/backups/Purple_Fluffy_Journey_<3.wld.2021-11-03T21.01.36Z.bak).
2021-11-03 21:03:12 - ProxyLog: INFO: Broadcast: ~Epiphany~ has left.
2021-11-03 21:03:12 - ProxyLog: INFO: ~Epiphany~ disconnected.
2021-11-03 21:03:12 - ProxyLog: INFO: Broadcast: Saving world...
2021-11-03 21:03:15 - ProxyLog: INFO: Broadcast: World saved.
2021-11-03 21:03:15 - ProxyLog: INFO: World saved at (/home/jupiteruser/.local/share/Terraria/Worlds/Purple_Fluffy_Journey_<3.wld)
