2021-11-04 17:55:26 - TShock: INFO: TShock was improperly shut down. Please use the exit command in the future to prevent this.
2021-11-04 17:55:26 - <>c: INFO: Port overridden by startup argument. Set to 7779
2021-11-04 17:55:26 - TextLog: INFO: TShock 4.5.5.0 (Olympics maybe?) now running.
2021-11-04 17:55:26 - TShock: INFO: AutoSave Enabled
2021-11-04 17:55:26 - TShock: INFO: Backups Enabled
2021-11-04 17:55:26 - TShock: INFO: Welcome to TShock for Terraria!
2021-11-04 17:55:26 - TShock: INFO: TShock comes with no warranty & is free software.
2021-11-04 17:55:26 - TShock: INFO: You can modify & distribute it under the terms of the GNU GPLv3.
2021-11-04 17:55:26 - AutoTeamPlugin: ERROR: [AutoTeam] Config file not present. Generated a config file at tshock/AutoTeam/AutoTeam.json
2021-11-04 17:55:26 - Config: INFO: Reading config file
2021-11-04 18:02:06 - TShock: INFO: Login before join enabled. Users may be prompted for an account specific password instead of a server password on connect.
2021-11-04 18:02:06 - TShock: INFO: Login using UUID enabled. Users automatically login via UUID.
2021-11-04 18:02:06 - TShock: INFO: A malicious server can easily steal a user's UUID. You may consider turning this option off if you run a public server.
2021-11-04 18:09:41 - Utils: INFO: Broadcast: Saving world...
2021-11-04 18:09:42 - GetDataHandlers: INFO: ~~Epiphany~~ authenticated successfully as user ~~Epiphany~~.
2021-11-04 18:09:44 - Utils: INFO: Broadcast: World saved.
2021-11-04 18:09:44 - SaveManager: INFO: World saved at (tshock/backups/Purple~Fluffy~Wonderland.wld.2021-11-04T18.09.40Z.bak)
2021-11-04 18:09:44 - BackupManager: INFO: World backed up (tshock/backups/Purple~Fluffy~Wonderland.wld.2021-11-04T18.09.40Z.bak).
2021-11-04 18:09:44 - TextLog: INFO: ~~Epiphany~~ (192.168.1.107) from 'epiphany' group joined. (1/6)
2021-11-04 18:09:44 - Utils: INFO: Broadcast: ~~Epiphany~~ has joined.
2021-11-04 18:09:45 - AutoTeamPlugin: INFO: [AutoTeam] Set ~~Epiphany~~'s team to Pink.
2021-11-04 18:11:26 - Utils: INFO: Server executed: /reload.
2021-11-04 18:11:26 - <>c: INFO: Port overridden by startup argument. Set to 7779
2021-11-04 18:11:26 - Config: INFO: Reading config file
2021-11-04 18:11:39 - Utils: INFO: Broadcast: ~~Epiphany~~ has left.
2021-11-04 18:11:39 - TextLog: INFO: ~~Epiphany~~ disconnected.
2021-11-04 18:11:39 - Utils: INFO: Broadcast: Saving world...
2021-11-04 18:11:42 - Utils: INFO: Broadcast: World saved.
2021-11-04 18:11:42 - SaveManager: INFO: World saved at (/home/jupiteruser/.local/share/Terraria/Worlds/Purple~Fluffy~Wonderland.wld)
2021-11-04 18:11:56 - GetDataHandlers: INFO: ~~Epiphany~~ authenticated successfully as user ~~Epiphany~~.
2021-11-04 18:11:58 - TextLog: INFO: ~~Epiphany~~ (192.168.1.107) from 'epiphany' group joined. (1/6)
2021-11-04 18:11:58 - Utils: INFO: Broadcast: ~~Epiphany~~ has joined.
2021-11-04 18:11:58 - AutoTeamPlugin: INFO: [AutoTeam] Set ~~Epiphany~~'s team to Pink.
2021-11-04 18:18:40 - Utils: INFO: Broadcast: Saving world...
2021-11-04 18:18:44 - Utils: INFO: Broadcast: World saved.
2021-11-04 18:18:44 - SaveManager: INFO: World saved at (tshock/backups/Purple~Fluffy~Wonderland.wld.2021-11-04T18.18.40Z.bak)
2021-11-04 18:18:44 - BackupManager: INFO: World backed up (tshock/backups/Purple~Fluffy~Wonderland.wld.2021-11-04T18.18.40Z.bak).
2021-11-04 18:19:58 - Utils: INFO: Broadcast: Saving world...
2021-11-04 18:22:31 - Utils: INFO: Broadcast: ~~Epiphany~~ has left.
2021-11-04 18:22:31 - TextLog: INFO: ~~Epiphany~~ disconnected.
2021-11-04 18:22:31 - Utils: INFO: Broadcast: Saving world...
2021-11-04 18:22:35 - Utils: INFO: Broadcast: World saved.
2021-11-04 18:22:35 - SaveManager: INFO: World saved at (/home/jupiteruser/.local/share/Terraria/Worlds/Purple~Fluffy~Wonderland.wld)
2021-11-04 18:31:26 - Utils: INFO: Broadcast: Saving world...
2021-11-04 18:31:30 - Utils: INFO: Broadcast: World saved.
2021-11-04 18:31:30 - SaveManager: INFO: World saved at (tshock/backups/Purple~Fluffy~Wonderland.wld.2021-11-04T18.31.26Z.bak)
2021-11-04 18:31:30 - BackupManager: INFO: World backed up (tshock/backups/Purple~Fluffy~Wonderland.wld.2021-11-04T18.31.26Z.bak).
2021-11-04 18:38:19 - Utils: INFO: Server executed: /exit.
2021-11-04 18:38:19 - Utils: INFO: Broadcast: Saving world...
2021-11-04 18:38:23 - Utils: INFO: Broadcast: World saved.
2021-11-04 18:38:23 - SaveManager: INFO: World saved at (/home/jupiteruser/.local/share/Terraria/Worlds/Purple~Fluffy~Wonderland.wld)
2021-11-04 18:38:23 - Utils: INFO: Broadcast: Server shutting down!
