2021-10-28 21:17:10 - <>c: INFO: Port overridden by startup argument. Set to 7779
2021-10-28 21:17:11 - TextLog: INFO: TShock 4.5.5.0 (Olympics maybe?) now running.
2021-10-28 21:17:11 - TShock: INFO: AutoSave Enabled
2021-10-28 21:17:11 - TShock: INFO: Backups Enabled
2021-10-28 21:17:11 - TShock: INFO: Welcome to TShock for Terraria!
2021-10-28 21:17:11 - TShock: INFO: TShock comes with no warranty & is free software.
2021-10-28 21:17:11 - TShock: INFO: You can modify & distribute it under the terms of the GNU GPLv3.
2021-10-28 21:27:45 - ProxyLog: INFO: Broadcast: Saving world...
2021-10-28 21:33:36 - ProxyLog: INFO: Login before join enabled. Users may be prompted for an account specific password instead of a server password on connect.
2021-10-28 21:33:36 - ProxyLog: INFO: Login using UUID enabled. Users automatically login via UUID.
2021-10-28 21:33:36 - ProxyLog: INFO: A malicious server can easily steal a user's UUID. You may consider turning this option off if you run a public server.
2021-10-28 21:44:09 - ProxyLog: INFO: Broadcast: Saving world...
2021-10-28 21:44:11 - ProxyLog: INFO: purple (192.168.1.107) from 'guest' group joined. (1/8)
2021-10-28 21:44:11 - ProxyLog: INFO: Broadcast: purple has joined.
2021-10-28 21:44:12 - ProxyLog: INFO: Broadcast: World saved.
2021-10-28 21:44:12 - ProxyLog: INFO: World saved at (tshock/backups/FluffyJourney.wld.2021-10-28T21.44.09Z.bak)
2021-10-28 21:44:12 - ProxyLog: INFO: World backed up (tshock/backups/FluffyJourney.wld.2021-10-28T21.44.09Z.bak).
2021-10-28 21:44:30 - ProxyLog: INFO: Broadcast: purple has left.
2021-10-28 21:44:30 - ProxyLog: INFO: purple disconnected.
2021-10-28 21:44:30 - ProxyLog: INFO: Broadcast: Saving world...
2021-10-28 21:44:33 - ProxyLog: INFO: Broadcast: World saved.
2021-10-28 21:44:33 - ProxyLog: INFO: World saved at (/home/jupiteruser/.local/share/Terraria/Worlds/FluffyJourney.wld)
2021-10-28 21:46:55 - ProxyLog: INFO: Server executed: /exit.
2021-10-28 21:46:55 - ProxyLog: INFO: Broadcast: Saving world...
2021-10-28 21:46:59 - ProxyLog: INFO: Broadcast: World saved.
2021-10-28 21:46:59 - ProxyLog: INFO: World saved at (/home/jupiteruser/.local/share/Terraria/Worlds/FluffyJourney.wld)
2021-10-28 21:46:59 - ProxyLog: INFO: Broadcast: Server shutting down!
