2021-11-03 19:05:50 - TShock: INFO: TShock was improperly shut down. Please use the exit command in the future to prevent this.
2021-11-03 19:05:50 - <>c: INFO: Port overridden by startup argument. Set to 7779
2021-11-03 19:05:50 - TextLog: INFO: TShock 4.5.5.0 (Olympics maybe?) now running.
2021-11-03 19:05:50 - TShock: INFO: AutoSave Enabled
2021-11-03 19:05:50 - TShock: INFO: Backups Enabled
2021-11-03 19:05:50 - TShock: INFO: Welcome to TShock for Terraria!
2021-11-03 19:05:50 - TShock: INFO: TShock comes with no warranty & is free software.
2021-11-03 19:05:50 - TShock: INFO: You can modify & distribute it under the terms of the GNU GPLv3.
2021-11-03 19:07:01 - ProxyLog: INFO: Login before join enabled. Users may be prompted for an account specific password instead of a server password on connect.
2021-11-03 19:07:01 - ProxyLog: INFO: Login using UUID enabled. Users automatically login via UUID.
2021-11-03 19:07:01 - ProxyLog: INFO: A malicious server can easily steal a user's UUID. You may consider turning this option off if you run a public server.
2021-11-03 19:09:02 - ProxyLog: INFO: Server added Account restuser311 to group admin
2021-11-03 19:10:51 - ProxyLog: INFO: Server executed: /group addperm tshock.rest.*.
2021-11-03 19:12:34 - ProxyLog: INFO: Server executed: /group add restgroup tshock.rest.*.
2021-11-03 19:13:01 - ProxyLog: INFO: Server executed: /group admin restgroup.
2021-11-03 19:15:28 - ProxyLog: INFO: Server successfully deleted account: restuser311.
2021-11-03 19:15:45 - ProxyLog: INFO: Server added Account restuser311 to group restgroup
2021-11-03 19:15:58 - ProxyLog: INFO: Server executed: /exit.
2021-11-03 19:15:58 - ProxyLog: INFO: Broadcast: Saving world...
2021-11-03 19:16:02 - ProxyLog: INFO: Broadcast: World saved.
2021-11-03 19:16:02 - ProxyLog: INFO: World saved at (/home/jupiteruser/.local/share/Terraria/Worlds/Purple_Fluff_ver2.wld)
2021-11-03 19:16:02 - ProxyLog: INFO: Broadcast: Server shutting down!
