2021-11-04 16:22:12 - TShock: INFO: TShock was improperly shut down. Please use the exit command in the future to prevent this.
2021-11-04 16:22:12 - <>c: INFO: Port overridden by startup argument. Set to 7779
2021-11-04 16:22:13 - TextLog: INFO: TShock 4.5.5.0 (Olympics maybe?) now running.
2021-11-04 16:22:13 - TShock: INFO: AutoSave Enabled
2021-11-04 16:22:13 - TShock: INFO: Backups Enabled
2021-11-04 16:22:13 - TShock: INFO: Welcome to TShock for Terraria!
2021-11-04 16:22:13 - TShock: INFO: TShock comes with no warranty & is free software.
2021-11-04 16:22:13 - TShock: INFO: You can modify & distribute it under the terms of the GNU GPLv3.
2021-11-04 16:22:13 - AutoTeamPlugin: ERROR: [AutoTeam] Config file not present. Generated a config file at tshock/AutoTeam/AutoTeam.json
2021-11-04 16:22:13 - Config: INFO: Reading config file
2021-11-04 17:22:17 - TShock: INFO: Login before join enabled. Users may be prompted for an account specific password instead of a server password on connect.
2021-11-04 17:22:17 - TShock: INFO: Login using UUID enabled. Users automatically login via UUID.
2021-11-04 17:22:17 - TShock: INFO: A malicious server can easily steal a user's UUID. You may consider turning this option off if you run a public server.
2021-11-04 17:22:25 - Utils: INFO: Server executed: /reload.
2021-11-04 17:22:25 - <>c: INFO: Port overridden by startup argument. Set to 7779
2021-11-04 17:22:25 - Config: INFO: Reading config file
2021-11-04 17:36:28 - Utils: INFO: Broadcast: Saving world...
2021-11-04 17:36:31 - Utils: INFO: Broadcast: World saved.
2021-11-04 17:36:31 - SaveManager: INFO: World saved at (tshock/backups/Purple~Fluffy~Wonderland.wld.2021-11-04T17.36.27Z.bak)
2021-11-04 17:36:31 - BackupManager: INFO: World backed up (tshock/backups/Purple~Fluffy~Wonderland.wld.2021-11-04T17.36.27Z.bak).
2021-11-04 17:37:04 - Utils: INFO: Server executed: /exit.
2021-11-04 17:37:04 - Utils: INFO: Broadcast: Saving world...
2021-11-04 17:37:07 - Utils: INFO: Broadcast: World saved.
2021-11-04 17:37:07 - SaveManager: INFO: World saved at (/home/jupiteruser/.local/share/Terraria/Worlds/Purple~Fluffy~Wonderland.wld)
2021-11-04 17:37:07 - Utils: INFO: Broadcast: Server shutting down!
